<?xml version="1.0" encoding="UTF-8"?>
<testsuite name="tests.RegistrationTests" tests="1" skipped="0" failures="0" errors="0" timestamp="2022-07-09T16:30:56" hostname="DESKTOP-B443DO6" time="1.0">
  <properties/>
  <testcase name="registrationWrongPasswordFormat" classname="tests.RegistrationTests" time="1.0"/>
  <system-out><![CDATA[Password must contain 1 uppercase letter, 1 lowercase letter and one number
Password must contain minimum 8 symbols
]]></system-out>
  <system-err><![CDATA[]]></system-err>
</testsuite>
